<?xml version="1.0" encoding="UTF-8"?>
<!-- Generated by org.testng.reporters.JUnitXMLReporter -->
<testsuite hostname="LAPTOP-R3MOBSF6" ignored="0" name="Test" tests="4" failures="0" timestamp="2022-07-17T17:13:12 IST" time="0.081" errors="0">
  <testcase name="tc2" time="0.009" classname="login.testcase2"/>
  <testcase name="tc1" time="0.002" classname="login.testcase1"/>
  <testcase name="tc4" time="0.001" classname="login.testcase4"/>
  <testcase name="tc3" time="0.001" classname="login.testcase3"/>
</testsuite> <!-- Test -->
